14:13:40.539 [main] DEBUG tests.CartTest - Switched to product details window
14:13:43.081 [main] INFO  tests.CartTest - Product details are displayed
14:13:43.129 [main] DEBUG tests.CartTest - Scrolled to cart button
14:13:46.254 [main] DEBUG tests.CartTest - Clicked cart button
14:13:49.297 [main] DEBUG tests.CartTest - Order button is visible
14:13:49.314 [main] INFO  tests.CartTest - Order button is displayed
14:13:52.332 [main] DEBUG tests.CartTest - Switched back to original window
14:13:52.332 [main] INFO  tests.CartTest - Executing test case: AddToCart
14:13:52.333 [main] INFO  tests.CartTest - Search Term: Laptop
14:13:53.253 [main] DEBUG tests.CartTest - Navigated to URL: https://www.flipkart.com/
14:13:53.341 [main] DEBUG tests.CartTest - Entered search term: Laptop
14:13:54.443 [main] ERROR tests.CartTest - Error occurred during the test case execution: AddToCart
org.openqa.selenium.ElementClickInterceptedException: element click intercepted: Element <svg width="24" height="24" class="" viewBox="0 0 24 24" fill="none" xmlns="http://www.w3.org/2000/svg">...</svg> is not clickable at point (232, 33). Other element would receive the click: <div class="fbDBuK _3CYmv5" tabindex="-1">...</div>
  (Session info: chrome-headless-shell=125.0.6422.142)
Build info: version: '4.18.1', revision: 'b1d3319b48'
System info: os.name: 'Windows 11', os.arch: 'amd64', os.version: '10.0', java.version: '17.0.10'
Driver info: org.openqa.selenium.chrome.ChromeDriver
Command: [f7610dd8cbc2bf34180f186123dc51d2, clickElement {id=f.7D8C4F47520D282A7FA6C0DC11918F7C.d.9D33C6A1D5B55636DB79058A33D041CA.e.228}]
Capabilities {acceptInsecureCerts: false, browserName: chrome-headless-shell, browserVersion: 125.0.6422.142, chrome: {chromedriverVersion: 125.0.6422.141 (4b1e8393712..., userDataDir: C:\Users\ISHITA~1\AppData\L...}, fedcm:accounts: true, goog:chromeOptions: {debuggerAddress: localhost:54494}, networkConnectionEnabled: false, pageLoadStrategy: normal, platformName: windows, proxy: Proxy(), se:cdp: ws://localhost:54494/devtoo..., se:cdpVersion: 125.0.6422.142, setWindowRect: true, strictFileInteractability: false, timeouts: {implicit: 0, pageLoad: 300000, script: 30000}, unhandledPromptBehavior: dismiss and notify, webauthn:extension:credBlob: true, webauthn:extension:largeBlob: true, webauthn:extension:minPinLength: true, webauthn:extension:prf: true, webauthn:virtualAuthenticators: true}
Element: [[ChromeDriver: chrome-headless-shell on windows (f7610dd8cbc2bf34180f186123dc51d2)] -> xpath: //button[@title='Search for Products, Brands and More']//*[name()='svg']]
Session ID: f7610dd8cbc2bf34180f186123dc51d2
	at java.base/jdk.internal.reflect.NativeConstructorAccessorImpl.newInstance0(Native Method) ~[?:?]
	at java.base/jdk.internal.reflect.NativeConstructorAccessorImpl.newInstance(NativeConstructorAccessorImpl.java:77) ~[?:?]
	at java.base/jdk.internal.reflect.DelegatingConstructorAccessorImpl.newInstance(DelegatingConstructorAccessorImpl.java:45) ~[?:?]
	at java.base/java.lang.reflect.Constructor.newInstanceWithCaller(Constructor.java:499) ~[?:?]
	at java.base/java.lang.reflect.Constructor.newInstance(Constructor.java:480) ~[?:?]
	at org.openqa.selenium.remote.ErrorCodec.decode(ErrorCodec.java:167) ~[selenium-remote-driver-4.18.1.jar:?]
	at org.openqa.selenium.remote.codec.w3c.W3CHttpResponseCodec.decode(W3CHttpResponseCodec.java:138) ~[selenium-remote-driver-4.18.1.jar:?]
	at org.openqa.selenium.remote.codec.w3c.W3CHttpResponseCodec.decode(W3CHttpResponseCodec.java:50) ~[selenium-remote-driver-4.18.1.jar:?]
	at org.openqa.selenium.remote.HttpCommandExecutor.execute(HttpCommandExecutor.java:190) ~[selenium-remote-driver-4.18.1.jar:?]
	at org.openqa.selenium.remote.service.DriverCommandExecutor.invokeExecute(DriverCommandExecutor.java:216) ~[selenium-remote-driver-4.18.1.jar:?]
	at org.openqa.selenium.remote.service.DriverCommandExecutor.execute(DriverCommandExecutor.java:174) ~[selenium-remote-driver-4.18.1.jar:?]
	at org.openqa.selenium.remote.RemoteWebDriver.execute(RemoteWebDriver.java:519) ~[selenium-remote-driver-4.18.1.jar:?]
	at org.openqa.selenium.remote.RemoteWebElement.execute(RemoteWebElement.java:223) ~[selenium-remote-driver-4.18.1.jar:?]
	at org.openqa.selenium.remote.RemoteWebElement.click(RemoteWebElement.java:76) ~[selenium-remote-driver-4.18.1.jar:?]
	at java.base/jdk.internal.reflect.NativeMethodAccessorImpl.invoke0(Native Method) ~[?:?]
	at java.base/jdk.internal.reflect.NativeMethodAccessorImpl.invoke(NativeMethodAccessorImpl.java:77) ~[?:?]
	at java.base/jdk.internal.reflect.DelegatingMethodAccessorImpl.invoke(DelegatingMethodAccessorImpl.java:43) ~[?:?]
	at java.base/java.lang.reflect.Method.invoke(Method.java:568) ~[?:?]
	at org.openqa.selenium.support.pagefactory.internal.LocatingElementHandler.invoke(LocatingElementHandler.java:51) ~[selenium-support-4.18.1.jar:?]
	at jdk.proxy2/jdk.proxy2.$Proxy28.click(Unknown Source) ~[?:?]
	at tests.CartTest.AddToCart(CartTest.java:66) ~[test-classes/:?]
	at java.base/jdk.internal.reflect.NativeMethodAccessorImpl.invoke0(Native Method) ~[?:?]
	at java.base/jdk.internal.reflect.NativeMethodAccessorImpl.invoke(NativeMethodAccessorImpl.java:77) ~[?:?]
	at java.base/jdk.internal.reflect.DelegatingMethodAccessorImpl.invoke(DelegatingMethodAccessorImpl.java:43) ~[?:?]
	at java.base/java.lang.reflect.Method.invoke(Method.java:568) ~[?:?]
	at org.testng.internal.invokers.MethodInvocationHelper.invokeMethod(MethodInvocationHelper.java:141) ~[testng-7.10.1.jar:7.10.1]
	at org.testng.internal.invokers.TestInvoker.invokeMethod(TestInvoker.java:686) ~[testng-7.10.1.jar:7.10.1]
	at org.testng.internal.invokers.TestInvoker.invokeTestMethod(TestInvoker.java:230) ~[testng-7.10.1.jar:7.10.1]
	at org.testng.internal.invokers.MethodRunner.runInSequence(MethodRunner.java:63) ~[testng-7.10.1.jar:7.10.1]
	at org.testng.internal.invokers.TestInvoker$MethodInvocationAgent.invoke(TestInvoker.java:992) ~[testng-7.10.1.jar:7.10.1]
	at org.testng.internal.invokers.TestInvoker.invokeTestMethods(TestInvoker.java:203) ~[testng-7.10.1.jar:7.10.1]
	at org.testng.internal.invokers.TestMethodWorker.invokeTestMethods(TestMethodWorker.java:154) ~[testng-7.10.1.jar:7.10.1]
	at org.testng.internal.invokers.TestMethodWorker.run(TestMethodWorker.java:134) ~[testng-7.10.1.jar:7.10.1]
	at java.base/java.util.ArrayList.forEach(ArrayList.java:1511) [?:?]
	at org.testng.TestRunner.privateRun(TestRunner.java:739) [testng-7.10.1.jar:7.10.1]
	at org.testng.TestRunner.run(TestRunner.java:614) [testng-7.10.1.jar:7.10.1]
	at org.testng.SuiteRunner.runTest(SuiteRunner.java:421) [testng-7.10.1.jar:7.10.1]
	at org.testng.SuiteRunner.runSequentially(SuiteRunner.java:413) [testng-7.10.1.jar:7.10.1]
	at org.testng.SuiteRunner.privateRun(SuiteRunner.java:373) [testng-7.10.1.jar:7.10.1]
	at org.testng.SuiteRunner.run(SuiteRunner.java:312) [testng-7.10.1.jar:7.10.1]
	at org.testng.SuiteRunnerWorker.runSuite(SuiteRunnerWorker.java:52) [testng-7.10.1.jar:7.10.1]
	at org.testng.SuiteRunnerWorker.run(SuiteRunnerWorker.java:95) [testng-7.10.1.jar:7.10.1]
	at org.testng.TestNG.runSuitesSequentially(TestNG.java:1274) [testng-7.10.1.jar:7.10.1]
	at org.testng.TestNG.runSuitesLocally(TestNG.java:1208) [testng-7.10.1.jar:7.10.1]
	at org.testng.TestNG.runSuites(TestNG.java:1112) [testng-7.10.1.jar:7.10.1]
	at org.testng.TestNG.run(TestNG.java:1079) [testng-7.10.1.jar:7.10.1]
	at org.testng.remote.AbstractRemoteTestNG.run(AbstractRemoteTestNG.java:115) [testng-remote.jar:?]
	at org.testng.remote.RemoteTestNG.initAndRun(RemoteTestNG.java:293) [testng-remote.jar:?]
	at org.testng.remote.RemoteTestNG.main(RemoteTestNG.java:91) [testng-remote.jar:?]
